<?xml version="1.0" encoding="UTF-8"?>
<!-- Generated by org.testng.reporters.JUnitReportReporter -->
<testsuite skipped="0" hostname="DESKTOP-BQS7GFT" name="SDET.SeleniumTraining.ActionClassDemo" tests="1" failures="0" timestamp="2022-03-29T08:05:36 IST" time="9.468" errors="0">
  <testcase name="FlowTest" time="9.468" classname="SDET.SeleniumTraining.ActionClassDemo"/>
  <system-out/>
</testsuite> <!-- SDET.SeleniumTraining.ActionClassDemo -->
