<?xml version="1.0" encoding="UTF-8"?>
<!-- Generated by org.testng.reporters.JUnitReportReporter -->
<testsuite skipped="0" hostname="DESKTOP-BQS7GFT" name="SDET.SeleniumTraining.TestngExample" tests="3" failures="0" timestamp="2022-03-06T10:09:14 IST" time="33.602" errors="0">
  <testcase name="MousehoverOragne" time="10.120" classname="SDET.SeleniumTraining.TestngExample"/>
  <system-out/>
  <testcase name="PassEmail" time="9.780" classname="SDET.SeleniumTraining.TestngExample"/>
  <system-out/>
  <testcase name="m3" time="13.702" classname="SDET.SeleniumTraining.TestngExample"/>
  <system-out/>
</testsuite> <!-- SDET.SeleniumTraining.TestngExample -->
