<?xml version="1.0" encoding="UTF-8"?>
<!-- Generated by org.testng.reporters.JUnitReportReporter -->
<testsuite skipped="0" hostname="DESKTOP-BQS7GFT" name="SDET.SeleniumTraining.TestngExample" tests="3" failures="0" timestamp="2022-03-29T10:46:35 IST" time="41.498" errors="0">
  <testcase name="MousehoverOragne" time="14.576" classname="SDET.SeleniumTraining.TestngExample"/>
  <system-out/>
  <testcase name="m3" time="15.527" classname="SDET.SeleniumTraining.TestngExample"/>
  <system-out/>
  <testcase name="PassEmail" time="11.395" classname="SDET.SeleniumTraining.TestngExample"/>
  <system-out/>
</testsuite> <!-- SDET.SeleniumTraining.TestngExample -->
