<?xml version="1.0" encoding="UTF-8"?>
<!-- Generated by org.testng.reporters.JUnitReportReporter -->
<testsuite skipped="0" hostname="DESKTOP-BQS7GFT" name="SDET.SeleniumTraining.TestngExample" tests="3" failures="0" timestamp="2022-03-06T10:28:05 IST" time="56.726" errors="0">
  <testcase name="MousehoverOragne" time="19.101" classname="SDET.SeleniumTraining.TestngExample"/>
  <system-out/>
  <testcase name="m3" time="16.784" classname="SDET.SeleniumTraining.TestngExample"/>
  <system-out/>
  <testcase name="PassEmail" time="20.841" classname="SDET.SeleniumTraining.TestngExample"/>
  <system-out/>
</testsuite> <!-- SDET.SeleniumTraining.TestngExample -->
