<?xml version="1.0" encoding="UTF-8"?>
<!-- Generated by org.testng.reporters.JUnitReportReporter -->
<testsuite skipped="0" hostname="DESKTOP-BQS7GFT" name="SDET.SeleniumTraining.TestngExample" tests="3" failures="0" timestamp="2022-03-29T08:01:11 IST" time="23.494" errors="0">
  <testcase name="MousehoverOragne" time="7.436" classname="SDET.SeleniumTraining.TestngExample"/>
  <system-out/>
  <testcase name="m3" time="7.651" classname="SDET.SeleniumTraining.TestngExample"/>
  <system-out/>
  <testcase name="PassEmail" time="8.407" classname="SDET.SeleniumTraining.TestngExample"/>
  <system-out/>
</testsuite> <!-- SDET.SeleniumTraining.TestngExample -->
