<?xml version="1.0" encoding="UTF-8"?>
<!-- Generated by org.testng.reporters.JUnitReportReporter -->
<testsuite skipped="0" hostname="DESKTOP-BQS7GFT" name="SDET.SeleniumTraining.TestngExample" tests="3" failures="0" timestamp="2022-03-29T07:30:22 IST" time="26.786" errors="0">
  <testcase name="PassEmail" time="6.072" classname="SDET.SeleniumTraining.TestngExample"/>
  <system-out/>
  <testcase name="m3" time="14.112" classname="SDET.SeleniumTraining.TestngExample"/>
  <system-out/>
  <testcase name="MousehoverOragne" time="6.602" classname="SDET.SeleniumTraining.TestngExample"/>
  <system-out/>
</testsuite> <!-- SDET.SeleniumTraining.TestngExample -->
